{"/Users/fangruichuan/个人学习/frontLearning/front-end-learning/Jest_Test/baojian.js": {"path":"/Users/fangruichuan/个人学习/frontLearning/front-end-learning/Jest_Test/baojian.js","statementMap":{"0":{"start":{"line":2,"column":4},"end":{"line":2,"column":41}},"1":{"start":{"line":6,"column":4},"end":{"line":6,"column":42}},"2":{"start":{"line":9,"column":0},"end":{"line":12,"column":1}}},"fnMap":{"0":{"name":"baojian1","decl":{"start":{"line":1,"column":9},"end":{"line":1,"column":17}},"loc":{"start":{"line":1,"column":25},"end":{"line":3,"column":1}},"line":1},"1":{"name":"baojian2","decl":{"start":{"line":5,"column":9},"end":{"line":5,"column":17}},"loc":{"start":{"line":5,"column":25},"end":{"line":7,"column":1}},"line":5}},"branchMap":{"0":{"loc":{"start":{"line":2,"column":11},"end":{"line":2,"column":41}},"type":"cond-expr","locations":[{"start":{"line":2,"column":26},"end":{"line":2,"column":32}},{"start":{"line":2,"column":35},"end":{"line":2,"column":41}}],"line":2},"1":{"loc":{"start":{"line":6,"column":11},"end":{"line":6,"column":42}},"type":"cond-expr","locations":[{"start":{"line":6,"column":27},"end":{"line":6,"column":33}},{"start":{"line":6,"column":36},"end":{"line":6,"column":42}}],"line":6}},"s":{"0":1,"1":2,"2":1},"f":{"0":1,"1":2},"b":{"0":[1,0],"1":[2,0]},"_coverageSchema":"43e27e138ebf9cfc5966b082cf9a028302ed4184","hash":"04e7b8855e0075744ea9415f7168b31646cff1f3"}
}
